#
# A fatal error has been detected by the Java Runtime Environment:
#
#  Internal Error (ciMethodData.cpp:334), pid=18460, tid=13104
#  Error: ShouldNotReachHere()
#
# JRE version: OpenJDK Runtime Environment Temurin-17.0.5+8 (17.0.5+8) (build 17.0.5+8)
# Java VM: OpenJDK 64-Bit Server VM Temurin-17.0.5+8 (17.0.5+8, mixed mode, tiered, compressed oops, compressed class ptrs, g1 gc, windows-amd64)
# No core dump will be written. Minidumps are not enabled by default on client versions of Windows
#
# If you would like to submit a bug report, please visit:
#   https://github.com/adoptium/adoptium-support/issues
#

---------------  S U M M A R Y ------------

Command Line: -XX:+ShowCodeDetailsInExceptionMessages -agentlib:jdwp=transport=dt_socket,suspend=y,address=localhost:49845 -javaagent:C:\Users\T50363\Downloads\eclipse-jee-2022-12-R-win32-x86_64\eclipse\configuration\org.eclipse.osgi\420\0\.cp\lib\javaagent-shaded.jar -Dfile.encoding=UTF-8 com.intelizign.pl.IntelizignplApplication

Host: Intel(R) Core(TM) i5-6500 CPU @ 3.20GHz, 4 cores, 15G,  Windows 10 , 64 bit Build 19041 (10.0.19041.2913)
Time: Thu Jun  1 17:02:25 2023 India Standard Time elapsed time: 9.063709 seconds (0d 0h 0m 9s)

---------------  T H R E A D  ---------------

Current thread (0x0000023563884c00):  JavaThread "C2 CompilerThread1" daemon [_thread_in_vm, id=13104, stack(0x0000005d13500000,0x0000005d13600000)]


Current CompileTask:
C2:   9063 6242       4       org.springframework.core.annotation.TypeMappedAnnotations::get (52 bytes)

Stack: [0x0000005d13500000,0x0000005d13600000]
Native frames: (J=compiled Java code, j=interpreted, Vv=VM code, C=native code)
V  [jvm.dll+0x676b3a]
V  [jvm.dll+0x831444]
V  [jvm.dll+0x832bee]
V  [jvm.dll+0x833207]
V  [jvm.dll+0x244c1c]
V  [jvm.dll+0x244b63]
V  [jvm.dll+0x1d09e5]
V  [jvm.dll+0x1d1479]
V  [jvm.dll+0x1ce7d9]
V  [jvm.dll+0x111969]
V  [jvm.dll+0x1cc3a2]
V  [jvm.dll+0x2b12ee]
V  [jvm.dll+0x2b276c]
V  [jvm.dll+0x2b392c]
V  [jvm.dll+0x2b491c]
V  [jvm.dll+0x2192fa]
V  [jvm.dll+0x216e6b]
V  [jvm.dll+0x1a343d]
V  [jvm.dll+0x22698a]
V  [jvm.dll+0x224ac5]
V  [jvm.dll+0x7e727b]
V  [jvm.dll+0x7e17ea]
V  [jvm.dll+0x6759e5]
C  [ucrtbase.dll+0x21bb2]
C  [KERNEL32.DLL+0x17614]
C  [ntdll.dll+0x526a1]


---------------  P R O C E S S  ---------------

Threads class SMR info:
_java_thread_list=0x0000023569be81e0, length=23, elements={
0x000002354451ba50, 0x0000023563052260, 0x0000023563052e10, 0x000002356306e9e0,
0x000002356306f590, 0x00000235630811c0, 0x0000023563085720, 0x0000023563089400,
0x000002356308a640, 0x000002356309f800, 0x0000023562786b30, 0x00000235633185f0,
0x0000023563309ff0, 0x000002356330a4e0, 0x0000023563884c00, 0x0000023563d9a410,
0x000002356569fab0, 0x00000235656a1200, 0x00000235658833c0, 0x0000023565885570,
0x00000235682d64a0, 0x00000235682d5b00, 0x00000235682d6970
}

Java Threads: ( => current thread )
  0x000002354451ba50 JavaThread "main" [_thread_blocked, id=2088, stack(0x0000005d12100000,0x0000005d12200000)]
  0x0000023563052260 JavaThread "Reference Handler" daemon [_thread_blocked, id=12212, stack(0x0000005d12800000,0x0000005d12900000)]
  0x0000023563052e10 JavaThread "Finalizer" daemon [_thread_blocked, id=7356, stack(0x0000005d12900000,0x0000005d12a00000)]
  0x000002356306e9e0 JavaThread "Signal Dispatcher" daemon [_thread_blocked, id=14068, stack(0x0000005d12a00000,0x0000005d12b00000)]
  0x000002356306f590 JavaThread "Attach Listener" daemon [_thread_blocked, id=13232, stack(0x0000005d12b00000,0x0000005d12c00000)]
  0x00000235630811c0 JavaThread "Service Thread" daemon [_thread_blocked, id=8852, stack(0x0000005d12c00000,0x0000005d12d00000)]
  0x0000023563085720 JavaThread "Monitor Deflation Thread" daemon [_thread_blocked, id=9036, stack(0x0000005d12d00000,0x0000005d12e00000)]
  0x0000023563089400 JavaThread "C2 CompilerThread0" daemon [_thread_in_vm, id=11212, stack(0x0000005d12e00000,0x0000005d12f00000)]
  0x000002356308a640 JavaThread "C1 CompilerThread0" daemon [_thread_blocked, id=14468, stack(0x0000005d12f00000,0x0000005d13000000)]
  0x000002356309f800 JavaThread "Sweeper thread" daemon [_thread_blocked, id=11956, stack(0x0000005d13000000,0x0000005d13100000)]
  0x0000023562786b30 JavaThread "Common-Cleaner" daemon [_thread_blocked, id=1540, stack(0x0000005d13100000,0x0000005d13200000)]
  0x00000235633185f0 JavaThread "JDWP Transport Listener: dt_socket" daemon [_thread_blocked, id=7480, stack(0x0000005d13200000,0x0000005d13300000)]
  0x0000023563309ff0 JavaThread "JDWP Event Helper Thread" daemon [_thread_blocked, id=9428, stack(0x0000005d13300000,0x0000005d13400000)]
  0x000002356330a4e0 JavaThread "JDWP Command Reader" daemon [_thread_in_native, id=18452, stack(0x0000005d13400000,0x0000005d13500000)]
=>0x0000023563884c00 JavaThread "C2 CompilerThread1" daemon [_thread_in_vm, id=13104, stack(0x0000005d13500000,0x0000005d13600000)]
  0x0000023563d9a410 JavaThread "Notification Thread" daemon [_thread_blocked, id=17892, stack(0x0000005d13600000,0x0000005d13700000)]
  0x000002356569fab0 JavaThread "Thread-0" [_thread_blocked, id=15556, stack(0x0000005d13c00000,0x0000005d13d00000)]
  0x00000235656a1200 JavaThread "restartedMain" [_thread_in_vm, id=4640, stack(0x0000005d13d00000,0x0000005d13e00000)]
  0x00000235658833c0 JavaThread "HikariPool-1 housekeeper" daemon [_thread_blocked, id=11928, stack(0x0000005d13f00000,0x0000005d14000000)]
  0x0000023565885570 JavaThread "HikariPool-1 connection adder" daemon [_thread_blocked, id=13188, stack(0x0000005d14000000,0x0000005d14100000)]
  0x00000235682d64a0 JavaThread "Catalina-utility-1" [_thread_in_vm, id=18952, stack(0x0000005d14100000,0x0000005d14200000)]
  0x00000235682d5b00 JavaThread "Catalina-utility-2" [_thread_blocked, id=10344, stack(0x0000005d14200000,0x0000005d14300000)]
  0x00000235682d6970 JavaThread "container-0" [_thread_blocked, id=9068, stack(0x0000005d14300000,0x0000005d14400000)]

Other Threads:
  0x00000235627ce380 VMThread "VM Thread" [stack: 0x0000005d12700000,0x0000005d12800000] [id=14408]
  0x000002354459fa10 WatcherThread [stack: 0x0000005d13700000,0x0000005d13800000] [id=16116]
  0x0000023544587c20 GCTaskThread "GC Thread#0" [stack: 0x0000005d12200000,0x0000005d12300000] [id=2188]
  0x000002356403e3c0 GCTaskThread "GC Thread#1" [stack: 0x0000005d13800000,0x0000005d13900000] [id=17124]
  0x0000023563fe49e0 GCTaskThread "GC Thread#2" [stack: 0x0000005d13900000,0x0000005d13a00000] [id=19076]
  0x0000023563d42040 GCTaskThread "GC Thread#3" [stack: 0x0000005d13a00000,0x0000005d13b00000] [id=10928]
  0x0000023544599110 ConcurrentGCThread "G1 Main Marker" [stack: 0x0000005d12300000,0x0000005d12400000] [id=4768]
  0x0000023544599b20 ConcurrentGCThread "G1 Conc#0" [stack: 0x0000005d12400000,0x0000005d12500000] [id=16776]
  0x00000235626544e0 ConcurrentGCThread "G1 Refine#0" [stack: 0x0000005d12500000,0x0000005d12600000] [id=6892]
  0x0000023564c85620 ConcurrentGCThread "G1 Refine#1" [stack: 0x0000005d13b00000,0x0000005d13c00000] [id=17548]
  0x00000235445db8e0 ConcurrentGCThread "G1 Service" [stack: 0x0000005d12600000,0x0000005d12700000] [id=13548]

Threads with active compile tasks:
C2 CompilerThread0     9102 6241       4       org.springframework.core.annotation.TypeMappedAnnotations::scan (62 bytes)
C2 CompilerThread1     9102 6242       4       org.springframework.core.annotation.TypeMappedAnnotations::get (52 bytes)

VM state: not at safepoint (normal execution)

VM Mutex/Monitor currently owned by a thread: None

Heap address: 0x0000000702000000, size: 4064 MB, Compressed Oops mode: Zero based, Oop shift amount: 3

CDS archive(s) not mapped
Compressed class space mapped at: 0x0000000800000000-0x0000000840000000, reserved size: 1073741824
Narrow klass base: 0x0000000800000000, Narrow klass shift: 0, Narrow klass range: 0x40000000

GC Precious Log:
 CPUs: 4 total, 4 available
 Memory: 16248M
 Large Page Support: Disabled
 NUMA Support: Disabled
 Compressed Oops: Enabled (Zero based)
 Heap Region Size: 2M
 Heap Min Capacity: 8M
 Heap Initial Capacity: 254M
 Heap Max Capacity: 4064M
 Pre-touch: Disabled
 Parallel Workers: 4
 Concurrent Workers: 1
 Concurrent Refinement Workers: 4
 Periodic GC: Disabled

Heap:
 garbage-first heap   total 61440K, used 40909K [0x0000000702000000, 0x0000000800000000)
  region size 2048K, 10 young (20480K), 2 survivors (4096K)
 Metaspace       used 67010K, committed 67328K, reserved 1114112K
  class space    used 8412K, committed 8576K, reserved 1048576K

Heap Regions: E=young(eden), S=young(survivor), O=old, HS=humongous(starts), HC=humongous(continues), CS=collection set, F=free, OA=open archive, CA=closed archive, TAMS=top-at-mark-start (previous, next)
|   0|0x0000000702000000, 0x0000000702200000, 0x0000000702200000|100%| O|  |TAMS 0x0000000702200000, 0x0000000702000000| Untracked 
|   1|0x0000000702200000, 0x0000000702400000, 0x0000000702400000|100%| O|  |TAMS 0x0000000702400000, 0x0000000702200000| Untracked 
|   2|0x0000000702400000, 0x00000007025f3a00, 0x0000000702600000| 97%| O|  |TAMS 0x00000007025f3a00, 0x0000000702400000| Untracked 
|   3|0x0000000702600000, 0x0000000702800000, 0x0000000702800000|100%| O|  |TAMS 0x0000000702800000, 0x0000000702600000| Untracked 
|   4|0x0000000702800000, 0x0000000702a00000, 0x0000000702a00000|100%| O|  |TAMS 0x0000000702a00000, 0x0000000702800000| Untracked 
|   5|0x0000000702a00000, 0x0000000702c00000, 0x0000000702c00000|100%| O|  |TAMS 0x0000000702c00000, 0x0000000702a00000| Untracked 
|   6|0x0000000702c00000, 0x0000000702e00000, 0x0000000702e00000|100%| O|  |TAMS 0x0000000702e00000, 0x0000000702c00000| Untracked 
|   7|0x0000000702e00000, 0x0000000703000000, 0x0000000703000000|100%| O|  |TAMS 0x0000000703000000, 0x0000000702e00000| Untracked 
|   8|0x0000000703000000, 0x0000000703200000, 0x0000000703200000|100%| O|  |TAMS 0x0000000703200000, 0x0000000703000000| Untracked 
|   9|0x0000000703200000, 0x0000000703400000, 0x0000000703400000|100%| O|  |TAMS 0x0000000703400000, 0x0000000703200000| Untracked 
|  10|0x0000000703400000, 0x0000000703600000, 0x0000000703600000|100%| O|  |TAMS 0x0000000703496600, 0x0000000703400000| Untracked 
|  11|0x0000000703600000, 0x00000007037a3600, 0x0000000703800000| 81%| O|  |TAMS 0x0000000703600000, 0x0000000703600000| Untracked 
|  12|0x0000000703800000, 0x0000000703800000, 0x0000000703a00000|  0%| F|  |TAMS 0x0000000703800000, 0x0000000703800000| Untracked 
|  13|0x0000000703a00000, 0x0000000703a00000, 0x0000000703c00000|  0%| F|  |TAMS 0x0000000703a00000, 0x0000000703a00000| Untracked 
|  14|0x0000000703c00000, 0x0000000703c00000, 0x0000000703e00000|  0%| F|  |TAMS 0x0000000703c00000, 0x0000000703c00000| Untracked 
|  15|0x0000000703e00000, 0x0000000703e00000, 0x0000000704000000|  0%| F|  |TAMS 0x0000000703e00000, 0x0000000703e00000| Untracked 
|  16|0x0000000704000000, 0x0000000704000000, 0x0000000704200000|  0%| F|  |TAMS 0x0000000704000000, 0x0000000704000000| Untracked 
|  17|0x0000000704200000, 0x000000070425c730, 0x0000000704400000| 18%| S|CS|TAMS 0x0000000704200000, 0x0000000704200000| Complete 
|  18|0x0000000704400000, 0x0000000704600000, 0x0000000704600000|100%| S|CS|TAMS 0x0000000704400000, 0x0000000704400000| Complete 
|  19|0x0000000704600000, 0x0000000704600000, 0x0000000704800000|  0%| F|  |TAMS 0x0000000704600000, 0x0000000704600000| Untracked 
|  20|0x0000000704800000, 0x0000000704800000, 0x0000000704a00000|  0%| F|  |TAMS 0x0000000704800000, 0x0000000704800000| Untracked 
|  21|0x0000000704a00000, 0x0000000704a00000, 0x0000000704c00000|  0%| F|  |TAMS 0x0000000704a00000, 0x0000000704a00000| Untracked 
|  22|0x0000000704c00000, 0x0000000704ce0210, 0x0000000704e00000| 43%| E|  |TAMS 0x0000000704c00000, 0x0000000704c00000| Complete 
|  23|0x0000000704e00000, 0x0000000705000000, 0x0000000705000000|100%| E|CS|TAMS 0x0000000704e00000, 0x0000000704e00000| Complete 
|  24|0x0000000705000000, 0x0000000705200000, 0x0000000705200000|100%| E|CS|TAMS 0x0000000705000000, 0x0000000705000000| Complete 
|  25|0x0000000705200000, 0x0000000705400000, 0x0000000705400000|100%| E|CS|TAMS 0x0000000705200000, 0x0000000705200000| Complete 
|  29|0x0000000705a00000, 0x0000000705c00000, 0x0000000705c00000|100%| E|CS|TAMS 0x0000000705a00000, 0x0000000705a00000| Complete 
|  30|0x0000000705c00000, 0x0000000705e00000, 0x0000000705e00000|100%| E|CS|TAMS 0x0000000705c00000, 0x0000000705c00000| Complete 
|  31|0x0000000705e00000, 0x0000000706000000, 0x0000000706000000|100%| E|CS|TAMS 0x0000000705e00000, 0x0000000705e00000| Complete 
| 126|0x0000000711c00000, 0x0000000711e00000, 0x0000000711e00000|100%| E|CS|TAMS 0x0000000711c00000, 0x0000000711c00000| Complete 

Card table byte_map: [0x00000235573c0000,0x0000023557bb0000] _byte_map_base: 0x0000023553bb0000

Marking Bits (Prev, Next): (CMBitMap*) 0x0000023544588280, (CMBitMap*) 0x0000023544588240
 Prev Bits: [0x000002355c320000, 0x00000235602a0000)
 Next Bits: [0x00000235583a0000, 0x000002355c320000)

Polling page: 0x00000235424b0000

Metaspace:

Usage:
  Non-class:     57.22 MB used.
      Class:      8.22 MB used.
       Both:     65.44 MB used.

Virtual space:
  Non-class space:       64.00 MB reserved,      57.38 MB ( 90%) committed,  8 nodes.
      Class space:        1.00 GB reserved,       8.38 MB ( <1%) committed,  1 nodes.
             Both:        1.06 GB reserved,      65.75 MB (  6%) committed. 

Chunk freelists:
   Non-Class:  1.69 MB
       Class:  3.64 MB
        Both:  5.33 MB

MaxMetaspaceSize: unlimited
CompressedClassSpaceSize: 1.00 GB
Initial GC threshold: 21.00 MB
Current GC threshold: 98.38 MB
CDS: off
MetaspaceReclaimPolicy: balanced
 - commit_granule_bytes: 65536.
 - commit_granule_words: 8192.
 - virtual_space_node_default_size: 1048576.
 - enlarge_chunks_in_place: 1.
 - new_chunks_are_fully_committed: 0.
 - uncommit_free_chunks: 1.
 - use_allocation_guard: 0.
 - handle_deallocations: 1.


Internal statistics:

num_allocs_failed_limit: 9.
num_arena_births: 430.
num_arena_deaths: 0.
num_vsnodes_births: 9.
num_vsnodes_deaths: 0.
num_space_committed: 1052.
num_space_uncommitted: 0.
num_chunks_returned_to_freelist: 9.
num_chunks_taken_from_freelist: 2538.
num_chunk_merges: 9.
num_chunk_splits: 1789.
num_chunks_enlarged: 1410.
num_purges: 0.
num_inconsistent_stats: 0.

CodeHeap 'non-profiled nmethods': size=120000Kb used=3990Kb max_used=3990Kb free=116009Kb
 bounds [0x000002354f6a0000, 0x000002354fa90000, 0x0000023556bd0000]
CodeHeap 'profiled nmethods': size=120000Kb used=12280Kb max_used=12280Kb free=107719Kb
 bounds [0x0000023548170000, 0x0000023548d70000, 0x000002354f6a0000]
CodeHeap 'non-nmethods': size=5760Kb used=1348Kb max_used=1433Kb free=4411Kb
 bounds [0x0000023547bd0000, 0x0000023547e40000, 0x0000023548170000]
 total_blobs=6759 nmethods=6159 adapters=512
 compilation: enabled
              stopped_count=0, restarted_count=0
 full_count=0

Compilation events (20 events):
Event: 9.042 Thread 0x0000023563089400 6241       4       org.springframework.core.annotation.TypeMappedAnnotations::scan (62 bytes)
Event: 9.054 Thread 0x000002356308a640 6806   !   2       java.nio.CharBuffer::wrap (21 bytes)
Event: 9.054 Thread 0x000002356308a640 nmethod 6806 0x0000023548d4f690 code [0x0000023548d4f840, 0x0000023548d4fad8]
Event: 9.054 Thread 0x000002356308a640 6807       2       java.nio.HeapCharBuffer::<init> (23 bytes)
Event: 9.054 Thread 0x000002356308a640 nmethod 6807 0x0000023548d4fc90 code [0x0000023548d4fe20, 0x0000023548d4ffa8]
Event: 9.056 Thread 0x000002356308a640 6808       2       java.util.regex.Matcher::groupCount (10 bytes)
Event: 9.056 Thread 0x000002356308a640 nmethod 6808 0x0000023548d50090 code [0x0000023548d50220, 0x0000023548d50338]
Event: 9.056 Thread 0x000002356308a640 6809       2       java.util.regex.Pattern::newCharProperty (39 bytes)
Event: 9.057 Thread 0x000002356308a640 nmethod 6809 0x0000023548d50410 code [0x0000023548d505e0, 0x0000023548d50a98]
Event: 9.057 Thread 0x000002356308a640 6811       3       java.util.regex.Pattern$BitClass::is (22 bytes)
Event: 9.057 Thread 0x000002356308a640 nmethod 6811 0x0000023548d50b90 code [0x0000023548d50d20, 0x0000023548d50ef8]
Event: 9.057 Thread 0x000002356308a640 6812       2       java.util.regex.Pattern::escape (1327 bytes)
Event: 9.060 Thread 0x000002356308a640 nmethod 6812 0x0000023548d51010 code [0x0000023548d517c0, 0x0000023548d54938]
Event: 9.060 Thread 0x000002356308a640 6814       2       java.util.regex.Matcher::start (65 bytes)
Event: 9.060 Thread 0x000002356308a640 nmethod 6814 0x0000023548d55790 code [0x0000023548d559a0, 0x0000023548d55e08]
Event: 9.060 Thread 0x000002356308a640 6815       2       java.util.regex.Matcher::end (67 bytes)
Event: 9.060 Thread 0x000002356308a640 nmethod 6815 0x0000023548d56110 code [0x0000023548d56320, 0x0000023548d56788]
Event: 9.060 Thread 0x000002356308a640 6817       2       java.lang.AbstractStringBuilder::append (67 bytes)
Event: 9.061 Thread 0x000002356308a640 nmethod 6817 0x0000023548d56a90 code [0x0000023548d56c60, 0x0000023548d56ea8]
Event: 9.061 Thread 0x000002356308a640 6822       2       java.util.regex.Matcher::appendExpandedReplacement (510 bytes)

GC Heap History (20 events):
Event: 6.087 GC heap before
{Heap before GC invocations=17 (full 0):
 garbage-first heap   total 61440K, used 49393K [0x0000000702000000, 0x0000000800000000)
  region size 2048K, 16 young (32768K), 1 survivors (2048K)
 Metaspace       used 49803K, committed 50112K, reserved 1097728K
  class space    used 6086K, committed 6208K, reserved 1048576K
}
Event: 6.091 GC heap after
{Heap after GC invocations=18 (full 0):
 garbage-first heap   total 61440K, used 19516K [0x0000000702000000, 0x0000000800000000)
  region size 2048K, 2 young (4096K), 2 survivors (4096K)
 Metaspace       used 49803K, committed 50112K, reserved 1097728K
  class space    used 6086K, committed 6208K, reserved 1048576K
}
Event: 6.571 GC heap before
{Heap before GC invocations=18 (full 0):
 garbage-first heap   total 61440K, used 48188K [0x0000000702000000, 0x0000000800000000)
  region size 2048K, 16 young (32768K), 2 survivors (4096K)
 Metaspace       used 52549K, committed 52864K, reserved 1097728K
  class space    used 6427K, committed 6592K, reserved 1048576K
}
Event: 6.574 GC heap after
{Heap after GC invocations=19 (full 0):
 garbage-first heap   total 61440K, used 20960K [0x0000000702000000, 0x0000000800000000)
  region size 2048K, 2 young (4096K), 2 survivors (4096K)
 Metaspace       used 52549K, committed 52864K, reserved 1097728K
  class space    used 6427K, committed 6592K, reserved 1048576K
}
Event: 6.931 GC heap before
{Heap before GC invocations=19 (full 0):
 garbage-first heap   total 61440K, used 49632K [0x0000000702000000, 0x0000000800000000)
  region size 2048K, 16 young (32768K), 2 survivors (4096K)
 Metaspace       used 54963K, committed 55232K, reserved 1097728K
  class space    used 6713K, committed 6848K, reserved 1048576K
}
Event: 6.935 GC heap after
{Heap after GC invocations=20 (full 0):
 garbage-first heap   total 61440K, used 22146K [0x0000000702000000, 0x0000000800000000)
  region size 2048K, 2 young (4096K), 2 survivors (4096K)
 Metaspace       used 54963K, committed 55232K, reserved 1097728K
  class space    used 6713K, committed 6848K, reserved 1048576K
}
Event: 7.213 GC heap before
{Heap before GC invocations=20 (full 0):
 garbage-first heap   total 61440K, used 46722K [0x0000000702000000, 0x0000000800000000)
  region size 2048K, 15 young (30720K), 2 survivors (4096K)
 Metaspace       used 57645K, committed 58048K, reserved 1105920K
  class space    used 7167K, committed 7360K, reserved 1048576K
}
Event: 7.216 GC heap after
{Heap after GC invocations=21 (full 0):
 garbage-first heap   total 61440K, used 22542K [0x0000000702000000, 0x0000000800000000)
  region size 2048K, 1 young (2048K), 1 survivors (2048K)
 Metaspace       used 57645K, committed 58048K, reserved 1105920K
  class space    used 7167K, committed 7360K, reserved 1048576K
}
Event: 7.548 GC heap before
{Heap before GC invocations=21 (full 0):
 garbage-first heap   total 61440K, used 47118K [0x0000000702000000, 0x0000000800000000)
  region size 2048K, 14 young (28672K), 1 survivors (2048K)
 Metaspace       used 59509K, committed 59904K, reserved 1105920K
  class space    used 7406K, committed 7616K, reserved 1048576K
}
Event: 7.549 GC heap after
{Heap after GC invocations=22 (full 0):
 garbage-first heap   total 61440K, used 22987K [0x0000000702000000, 0x0000000800000000)
  region size 2048K, 1 young (2048K), 1 survivors (2048K)
 Metaspace       used 59509K, committed 59904K, reserved 1105920K
  class space    used 7406K, committed 7616K, reserved 1048576K
}
Event: 7.605 GC heap before
{Heap before GC invocations=22 (full 0):
 garbage-first heap   total 61440K, used 27083K [0x0000000702000000, 0x0000000800000000)
  region size 2048K, 4 young (8192K), 1 survivors (2048K)
 Metaspace       used 59870K, committed 60160K, reserved 1105920K
  class space    used 7452K, committed 7616K, reserved 1048576K
}
Event: 7.607 GC heap after
{Heap after GC invocations=23 (full 0):
 garbage-first heap   total 61440K, used 23054K [0x0000000702000000, 0x0000000800000000)
  region size 2048K, 1 young (2048K), 1 survivors (2048K)
 Metaspace       used 59870K, committed 60160K, reserved 1105920K
  class space    used 7452K, committed 7616K, reserved 1048576K
}
Event: 8.125 GC heap before
{Heap before GC invocations=24 (full 0):
 garbage-first heap   total 61440K, used 49678K [0x0000000702000000, 0x0000000800000000)
  region size 2048K, 14 young (28672K), 1 survivors (2048K)
 Metaspace       used 61184K, committed 61568K, reserved 1105920K
  class space    used 7673K, committed 7872K, reserved 1048576K
}
Event: 8.127 GC heap after
{Heap after GC invocations=25 (full 0):
 garbage-first heap   total 61440K, used 24151K [0x0000000702000000, 0x0000000800000000)
  region size 2048K, 2 young (4096K), 2 survivors (4096K)
 Metaspace       used 61184K, committed 61568K, reserved 1105920K
  class space    used 7673K, committed 7872K, reserved 1048576K
}
Event: 8.370 GC heap before
{Heap before GC invocations=25 (full 0):
 garbage-first heap   total 61440K, used 46679K [0x0000000702000000, 0x0000000800000000)
  region size 2048K, 14 young (28672K), 2 survivors (4096K)
 Metaspace       used 63104K, committed 63488K, reserved 1105920K
  class space    used 7932K, committed 8128K, reserved 1048576K
}
Event: 8.373 GC heap after
{Heap after GC invocations=26 (full 0):
 garbage-first heap   total 61440K, used 25079K [0x0000000702000000, 0x0000000800000000)
  region size 2048K, 2 young (4096K), 2 survivors (4096K)
 Metaspace       used 63104K, committed 63488K, reserved 1105920K
  class space    used 7932K, committed 8128K, reserved 1048576K
}
Event: 8.591 GC heap before
{Heap before GC invocations=26 (full 0):
 garbage-first heap   total 61440K, used 47607K [0x0000000702000000, 0x0000000800000000)
  region size 2048K, 14 young (28672K), 2 survivors (4096K)
 Metaspace       used 65047K, committed 65472K, reserved 1105920K
  class space    used 8163K, committed 8384K, reserved 1048576K
}
Event: 8.596 GC heap after
{Heap after GC invocations=27 (full 0):
 garbage-first heap   total 61440K, used 25520K [0x0000000702000000, 0x0000000800000000)
  region size 2048K, 2 young (4096K), 2 survivors (4096K)
 Metaspace       used 65047K, committed 65472K, reserved 1105920K
  class space    used 8163K, committed 8384K, reserved 1048576K
}
Event: 8.874 GC heap before
{Heap before GC invocations=27 (full 0):
 garbage-first heap   total 61440K, used 48048K [0x0000000702000000, 0x0000000800000000)
  region size 2048K, 13 young (26624K), 2 survivors (4096K)
 Metaspace       used 66203K, committed 66560K, reserved 1114112K
  class space    used 8309K, committed 8512K, reserved 1048576K
}
Event: 8.877 GC heap after
{Heap after GC invocations=28 (full 0):
 garbage-first heap   total 61440K, used 26573K [0x0000000702000000, 0x0000000800000000)
  region size 2048K, 2 young (4096K), 2 survivors (4096K)
 Metaspace       used 66203K, committed 66560K, reserved 1114112K
  class space    used 8309K, committed 8512K, reserved 1048576K
}

Dll operation events (10 events):
Event: 0.229 Loaded shared library C:\Users\T50363\Downloads\eclipse-jee-2022-12-R-win32-x86_64\eclipse\plugins\org.eclipse.justj.openjdk.hotspot.jre.full.win32.x86_64_17.0.5.v20221102-0933\jre\bin\java.dll
Event: 0.572 Loaded shared library C:\Users\T50363\Downloads\eclipse-jee-2022-12-R-win32-x86_64\eclipse\plugins\org.eclipse.justj.openjdk.hotspot.jre.full.win32.x86_64_17.0.5.v20221102-0933\jre\bin\zip.dll
Event: 0.575 Loaded shared library C:\Users\T50363\Downloads\eclipse-jee-2022-12-R-win32-x86_64\eclipse\plugins\org.eclipse.justj.openjdk.hotspot.jre.full.win32.x86_64_17.0.5.v20221102-0933\jre\bin\instrument.dll
Event: 0.591 Loaded shared library C:\Users\T50363\Downloads\eclipse-jee-2022-12-R-win32-x86_64\eclipse\plugins\org.eclipse.justj.openjdk.hotspot.jre.full.win32.x86_64_17.0.5.v20221102-0933\jre\bin\net.dll
Event: 0.592 Loaded shared library C:\Users\T50363\Downloads\eclipse-jee-2022-12-R-win32-x86_64\eclipse\plugins\org.eclipse.justj.openjdk.hotspot.jre.full.win32.x86_64_17.0.5.v20221102-0933\jre\bin\nio.dll
Event: 0.599 Loaded shared library C:\Users\T50363\Downloads\eclipse-jee-2022-12-R-win32-x86_64\eclipse\plugins\org.eclipse.justj.openjdk.hotspot.jre.full.win32.x86_64_17.0.5.v20221102-0933\jre\bin\zip.dll
Event: 0.725 Loaded shared library C:\Users\T50363\Downloads\eclipse-jee-2022-12-R-win32-x86_64\eclipse\plugins\org.eclipse.justj.openjdk.hotspot.jre.full.win32.x86_64_17.0.5.v20221102-0933\jre\bin\jimage.dll
Event: 0.806 Loaded shared library C:\Users\T50363\Downloads\eclipse-jee-2022-12-R-win32-x86_64\eclipse\plugins\org.eclipse.justj.openjdk.hotspot.jre.full.win32.x86_64_17.0.5.v20221102-0933\jre\bin\verify.dll
Event: 1.177 Loaded shared library C:\Users\T50363\Downloads\eclipse-jee-2022-12-R-win32-x86_64\eclipse\plugins\org.eclipse.justj.openjdk.hotspot.jre.full.win32.x86_64_17.0.5.v20221102-0933\jre\bin\management.dll
Event: 1.180 Loaded shared library C:\Users\T50363\Downloads\eclipse-jee-2022-12-R-win32-x86_64\eclipse\plugins\org.eclipse.justj.openjdk.hotspot.jre.full.win32.x86_64_17.0.5.v20221102-0933\jre\bin\management_ext.dll

Deoptimization events (20 events):
Event: 9.019 Thread 0x00000235656a1200 DEOPT PACKING pc=0x000002354fa03dc8 sp=0x0000005d13dfa8c0
Event: 9.019 Thread 0x00000235656a1200 DEOPT UNPACKING pc=0x0000023547c22b43 sp=0x0000005d13df9d58 mode 1
Event: 9.019 Thread 0x00000235656a1200 DEOPT PACKING pc=0x000002354864c2f4 sp=0x0000005d13dfb290
Event: 9.019 Thread 0x00000235656a1200 DEOPT UNPACKING pc=0x0000023547c22b43 sp=0x0000005d13dfa760 mode 1
Event: 9.019 Thread 0x00000235656a1200 Uncommon trap: trap_request=0xffffff97 fr.pc=0x000002354f9df5c0 relative=0x0000000000000120
Event: 9.019 Thread 0x00000235656a1200 Uncommon trap: reason=unhandled action=none pc=0x000002354f9df5c0 method=jdk.internal.loader.BuiltinClassLoader.loadClass(Ljava/lang/String;Z)Ljava/lang/Class; @ 19 c2
Event: 9.019 Thread 0x00000235656a1200 DEOPT PACKING pc=0x000002354f9df5c0 sp=0x0000005d13dfa870
Event: 9.019 Thread 0x00000235656a1200 DEOPT UNPACKING pc=0x0000023547c223a3 sp=0x0000005d13dfa790 mode 2
Event: 9.019 Thread 0x00000235656a1200 DEOPT PACKING pc=0x000002354fa03dc8 sp=0x0000005d13dfa8c0
Event: 9.019 Thread 0x00000235656a1200 DEOPT UNPACKING pc=0x0000023547c22b43 sp=0x0000005d13df9d58 mode 1
Event: 9.019 Thread 0x00000235656a1200 DEOPT PACKING pc=0x000002354864c2f4 sp=0x0000005d13dfb290
Event: 9.019 Thread 0x00000235656a1200 DEOPT UNPACKING pc=0x0000023547c22b43 sp=0x0000005d13dfa760 mode 1
Event: 9.036 Thread 0x00000235656a1200 Uncommon trap: trap_request=0xffffff97 fr.pc=0x000002354f9df5c0 relative=0x0000000000000120
Event: 9.036 Thread 0x00000235656a1200 Uncommon trap: reason=unhandled action=none pc=0x000002354f9df5c0 method=jdk.internal.loader.BuiltinClassLoader.loadClass(Ljava/lang/String;Z)Ljava/lang/Class; @ 19 c2
Event: 9.036 Thread 0x00000235656a1200 DEOPT PACKING pc=0x000002354f9df5c0 sp=0x0000005d13dfaa50
Event: 9.036 Thread 0x00000235656a1200 DEOPT UNPACKING pc=0x0000023547c223a3 sp=0x0000005d13dfa970 mode 2
Event: 9.036 Thread 0x00000235656a1200 DEOPT PACKING pc=0x000002354fa03dc8 sp=0x0000005d13dfaaa0
Event: 9.036 Thread 0x00000235656a1200 DEOPT UNPACKING pc=0x0000023547c22b43 sp=0x0000005d13df9f38 mode 1
Event: 9.036 Thread 0x00000235656a1200 DEOPT PACKING pc=0x000002354864c2f4 sp=0x0000005d13dfb470
Event: 9.036 Thread 0x00000235656a1200 DEOPT UNPACKING pc=0x0000023547c22b43 sp=0x0000005d13dfa940 mode 1

Classes unloaded (0 events):
No events

Classes redefined (0 events):
No events

Internal exceptions (20 events):
Event: 8.066 Thread 0x00000235656a1200 Exception <a 'java/lang/ClassNotFoundException'{0x0000000704495e30}: org/springframework/beans/factory/InitializingBeanCustomizer> (0x0000000704495e30) 
thrown [s\src\hotspot\share\classfile\systemDictionary.cpp, line 256]
Event: 8.249 Thread 0x00000235656a1200 Exception <a 'java/lang/ClassNotFoundException'{0x0000000704c76f40}: java/lang/ObjectCustomizer> (0x0000000704c76f40) 
thrown [s\src\hotspot\share\classfile\systemDictionary.cpp, line 256]
Event: 8.251 Thread 0x00000235656a1200 Exception <a 'java/lang/ClassNotFoundException'{0x0000000704c83ad8}: com/intelizign/pl/model/EmployeeModelCustomizer> (0x0000000704c83ad8) 
thrown [s\src\hotspot\share\classfile\systemDictionary.cpp, line 256]
Event: 8.290 Thread 0x00000235656a1200 Exception <a 'java/lang/ClassNotFoundException'{0x0000000704afdee0}: java/lang/ObjectCustomizer> (0x0000000704afdee0) 
thrown [s\src\hotspot\share\classfile\systemDictionary.cpp, line 256]
Event: 8.292 Thread 0x00000235656a1200 Exception <a 'java/lang/ClassNotFoundException'{0x0000000704b0aa20}: com/intelizign/pl/model/RoleCustomizer> (0x0000000704b0aa20) 
thrown [s\src\hotspot\share\classfile\systemDictionary.cpp, line 256]
Event: 8.336 Thread 0x00000235656a1200 Exception <a 'java/lang/IncompatibleClassChangeError'{0x00000007049fe090}: Found class java.lang.Object, but interface was expected> (0x00000007049fe090) 
thrown [s\src\hotspot\share\interpreter\linkResolver.cpp, line 826]
Event: 8.575 Thread 0x00000235656a1200 Exception <a 'java/lang/reflect/InvocationTargetException'{0x00000007044a8038}> (0x00000007044a8038) 
thrown [s\src\hotspot\share\runtime\reflection.cpp, line 1121]
Event: 8.586 Thread 0x00000235656a1200 Exception <a 'java/lang/NoSuchMethodError'{0x00000007045a2ca0}: 'java.lang.Object java.lang.invoke.DirectMethodHandle$Holder.invokeStatic(java.lang.Object, java.lang.Object, int, java.lang.Object)'> (0x00000007045a2ca0) 
thrown [s\src\hotspot\share\interpreter\linkResolver.cpp, line 759]
Event: 8.586 Thread 0x00000235656a1200 Exception <a 'java/lang/NoSuchMethodError'{0x00000007045aa6f8}: 'java.lang.Object java.lang.invoke.DirectMethodHandle$Holder.newInvokeSpecial(java.lang.Object, java.lang.Object, int)'> (0x00000007045aa6f8) 
thrown [s\src\hotspot\share\interpreter\linkResolver.cpp, line 759]
Event: 8.590 Thread 0x00000235656a1200 Exception <a 'java/lang/IncompatibleClassChangeError'{0x00000007045f9ea0}: Found class java.lang.Object, but interface was expected> (0x00000007045f9ea0) 
thrown [s\src\hotspot\share\interpreter\linkResolver.cpp, line 826]
Event: 8.630 Thread 0x00000235656a1200 Exception <a 'java/lang/reflect/InvocationTargetException'{0x0000000705ffb928}> (0x0000000705ffb928) 
thrown [s\src\hotspot\share\runtime\reflection.cpp, line 1121]
Event: 8.636 Thread 0x00000235656a1200 Exception <a 'java/lang/reflect/InvocationTargetException'{0x0000000705c1e400}> (0x0000000705c1e400) 
thrown [s\src\hotspot\share\runtime\reflection.cpp, line 1121]
Event: 8.638 Thread 0x00000235656a1200 Exception <a 'java/lang/reflect/InvocationTargetException'{0x0000000705c3f6a8}> (0x0000000705c3f6a8) 
thrown [s\src\hotspot\share\runtime\reflection.cpp, line 1121]
Event: 8.796 Thread 0x00000235656a1200 Exception <a 'java/io/FileNotFoundException'{0x0000000704f13ce0}> (0x0000000704f13ce0) 
thrown [s\src\hotspot\share\prims\jni.cpp, line 516]
Event: 8.855 Thread 0x00000235656a1200 Exception <a 'java/lang/ClassNotFoundException'{0x00000007049ceec0}: java/lang/ObjectCustomizer> (0x00000007049ceec0) 
thrown [s\src\hotspot\share\classfile\systemDictionary.cpp, line 256]
Event: 8.857 Thread 0x00000235656a1200 Exception <a 'java/lang/ClassNotFoundException'{0x00000007049d7c38}: com/intelizign/pl/model/RefreshTokenCustomizer> (0x00000007049d7c38) 
thrown [s\src\hotspot\share\classfile\systemDictionary.cpp, line 256]
Event: 8.961 Thread 0x00000235656a1200 Exception <a 'java/lang/reflect/InvocationTargetException'{0x0000000705f53cc0}> (0x0000000705f53cc0) 
thrown [s\src\hotspot\share\runtime\reflection.cpp, line 1121]
Event: 8.962 Thread 0x00000235656a1200 Exception <a 'java/lang/reflect/InvocationTargetException'{0x0000000705f606d0}> (0x0000000705f606d0) 
thrown [s\src\hotspot\share\runtime\reflection.cpp, line 1121]
Event: 8.993 Thread 0x00000235656a1200 Exception <a 'java/io/FileNotFoundException'{0x0000000705a6d3e0}> (0x0000000705a6d3e0) 
thrown [s\src\hotspot\share\prims\jni.cpp, line 516]
Event: 8.993 Thread 0x00000235656a1200 Exception <a 'java/io/FileNotFoundException'{0x0000000705a6e350}> (0x0000000705a6e350) 
thrown [s\src\hotspot\share\prims\jni.cpp, line 516]

VM Operations (20 events):
Event: 8.735 Executing VM operation: ChangeBreakpoints
Event: 8.737 Executing VM operation: ChangeBreakpoints done
Event: 8.738 Executing VM operation: ChangeBreakpoints
Event: 8.739 Executing VM operation: ChangeBreakpoints done
Event: 8.741 Executing VM operation: ChangeBreakpoints
Event: 8.742 Executing VM operation: ChangeBreakpoints done
Event: 8.743 Executing VM operation: ChangeBreakpoints
Event: 8.744 Executing VM operation: ChangeBreakpoints done
Event: 8.744 Executing VM operation: ChangeBreakpoints
Event: 8.746 Executing VM operation: ChangeBreakpoints done
Event: 8.765 Executing VM operation: HandshakeAllThreads
Event: 8.765 Executing VM operation: HandshakeAllThreads done
Event: 8.765 Executing VM operation: HandshakeAllThreads
Event: 8.766 Executing VM operation: HandshakeAllThreads done
Event: 8.799 Executing VM operation: HandshakeAllThreads
Event: 8.799 Executing VM operation: HandshakeAllThreads done
Event: 8.864 Executing VM operation: G1CollectForAllocation
Event: 8.952 Executing VM operation: G1CollectForAllocation done
Event: 9.010 Executing VM operation: HandshakeAllThreads
Event: 9.010 Executing VM operation: HandshakeAllThreads done

Events (20 events):
Event: 8.855 loading class java/lang/ObjectCustomizer done
Event: 8.855 loading class java/lang/ObjectCustomizer
Event: 8.855 loading class java/lang/ObjectCustomizer done
Event: 8.952 loading class java/util/concurrent/locks/AbstractQueuedSynchronizer$ExclusiveNode
Event: 8.970 loading class java/util/concurrent/ConcurrentHashMap$TreeNode
Event: 8.970 loading class java/util/concurrent/ConcurrentHashMap$TreeNode done
Event: 8.970 loading class java/util/concurrent/ConcurrentHashMap$TreeBin
Event: 8.970 loading class java/util/concurrent/ConcurrentHashMap$TreeBin done
Event: 8.993 loading class java/io/FileReader
Event: 8.993 loading class java/io/FileReader done
Event: 9.009 loading class java/util/concurrent/locks/AbstractQueuedSynchronizer$ExclusiveNode done
Event: 9.013 loading class java/util/concurrent/ForkJoinWorkerThread
Event: 9.014 loading class org/xml/sax/helpers/DefaultHandler
Event: 9.014 loading class org/xml/sax/DTDHandler
Event: 9.014 loading class org/xml/sax/DTDHandler done
Event: 9.014 loading class org/xml/sax/ContentHandler
Event: 9.014 loading class org/xml/sax/ContentHandler done
Event: 9.015 loading class org/xml/sax/helpers/DefaultHandler done
Event: 9.036 loading class java/text/CalendarBuilder
Event: 9.036 loading class java/text/CalendarBuilder done


Dynamic libraries:
0x00007ff76a500000 - 0x00007ff76a50e000 	C:\Users\T50363\Downloads\eclipse-jee-2022-12-R-win32-x86_64\eclipse\plugins\org.eclipse.justj.openjdk.hotspot.jre.full.win32.x86_64_17.0.5.v20221102-0933\jre\bin\javaw.exe
0x00007ffc6e950000 - 0x00007ffc6eb48000 	C:\Windows\SYSTEM32\ntdll.dll
0x00007ffc6dde0000 - 0x00007ffc6de9f000 	C:\Windows\System32\KERNEL32.DLL
0x00007ffc6c0f0000 - 0x00007ffc6c3e6000 	C:\Windows\System32\KERNELBASE.dll
0x00007ffc6c3f0000 - 0x00007ffc6c4f0000 	C:\Windows\System32\ucrtbase.dll
0x00007ffc57010000 - 0x00007ffc57027000 	C:\Users\T50363\Downloads\eclipse-jee-2022-12-R-win32-x86_64\eclipse\plugins\org.eclipse.justj.openjdk.hotspot.jre.full.win32.x86_64_17.0.5.v20221102-0933\jre\bin\jli.dll
0x00007ffc54aa0000 - 0x00007ffc54ab9000 	C:\Users\T50363\Downloads\eclipse-jee-2022-12-R-win32-x86_64\eclipse\plugins\org.eclipse.justj.openjdk.hotspot.jre.full.win32.x86_64_17.0.5.v20221102-0933\jre\bin\VCRUNTIME140.dll
0x00007ffc6d2c0000 - 0x00007ffc6d45d000 	C:\Windows\System32\USER32.dll
0x00007ffc5cf30000 - 0x00007ffc5d1ca000 	C:\Windows\WinSxS\amd64_microsoft.windows.common-controls_6595b64144ccf1df_6.0.19041.1110_none_60b5254171f9507e\COMCTL32.dll
0x00007ffc6c980000 - 0x00007ffc6ca1e000 	C:\Windows\System32\msvcrt.dll
0x00007ffc6c070000 - 0x00007ffc6c092000 	C:\Windows\System32\win32u.dll
0x00007ffc6e570000 - 0x00007ffc6e59c000 	C:\Windows\System32\GDI32.dll
0x00007ffc6c5b0000 - 0x00007ffc6c6c5000 	C:\Windows\System32\gdi32full.dll
0x00007ffc6c8e0000 - 0x00007ffc6c97d000 	C:\Windows\System32\msvcp_win.dll
0x00007ffc6ca20000 - 0x00007ffc6ca50000 	C:\Windows\System32\IMM32.DLL
0x00007ffc68810000 - 0x00007ffc6881c000 	C:\Users\T50363\Downloads\eclipse-jee-2022-12-R-win32-x86_64\eclipse\plugins\org.eclipse.justj.openjdk.hotspot.jre.full.win32.x86_64_17.0.5.v20221102-0933\jre\bin\vcruntime140_1.dll
0x00007ffc41e50000 - 0x00007ffc41ee1000 	C:\Users\T50363\Downloads\eclipse-jee-2022-12-R-win32-x86_64\eclipse\plugins\org.eclipse.justj.openjdk.hotspot.jre.full.win32.x86_64_17.0.5.v20221102-0933\jre\bin\msvcp140.dll
0x00007ffc21b80000 - 0x00007ffc227c4000 	C:\Users\T50363\Downloads\eclipse-jee-2022-12-R-win32-x86_64\eclipse\plugins\org.eclipse.justj.openjdk.hotspot.jre.full.win32.x86_64_17.0.5.v20221102-0933\jre\bin\server\jvm.dll
0x00007ffc6e5a0000 - 0x00007ffc6e64f000 	C:\Windows\System32\ADVAPI32.dll
0x00007ffc6dc40000 - 0x00007ffc6dcdc000 	C:\Windows\System32\sechost.dll
0x00007ffc6d7b0000 - 0x00007ffc6d8d6000 	C:\Windows\System32\RPCRT4.dll
0x00007ffc5bbe0000 - 0x00007ffc5bc07000 	C:\Windows\SYSTEM32\WINMM.dll
0x00007ffc5e540000 - 0x00007ffc5e549000 	C:\Windows\SYSTEM32\WSOCK32.dll
0x00007ffc662d0000 - 0x00007ffc662da000 	C:\Windows\SYSTEM32\VERSION.dll
0x00007ffc6e870000 - 0x00007ffc6e8db000 	C:\Windows\System32\WS2_32.dll
0x00007ffc69e50000 - 0x00007ffc69e62000 	C:\Windows\SYSTEM32\kernel.appcore.dll
0x00007ffc69810000 - 0x00007ffc6981a000 	C:\Users\T50363\Downloads\eclipse-jee-2022-12-R-win32-x86_64\eclipse\plugins\org.eclipse.justj.openjdk.hotspot.jre.full.win32.x86_64_17.0.5.v20221102-0933\jre\bin\jimage.dll
0x00007ffc53c40000 - 0x00007ffc53e24000 	C:\Windows\SYSTEM32\DBGHELP.DLL
0x00007ffc546f0000 - 0x00007ffc54724000 	C:\Windows\SYSTEM32\dbgcore.DLL
0x00007ffc6c520000 - 0x00007ffc6c5a2000 	C:\Windows\System32\bcryptPrimitives.dll
0x00007ffc541a0000 - 0x00007ffc541db000 	C:\Users\T50363\Downloads\eclipse-jee-2022-12-R-win32-x86_64\eclipse\plugins\org.eclipse.justj.openjdk.hotspot.jre.full.win32.x86_64_17.0.5.v20221102-0933\jre\bin\jdwp.dll
0x00007ffc617c0000 - 0x00007ffc617ce000 	C:\Users\T50363\Downloads\eclipse-jee-2022-12-R-win32-x86_64\eclipse\plugins\org.eclipse.justj.openjdk.hotspot.jre.full.win32.x86_64_17.0.5.v20221102-0933\jre\bin\instrument.dll
0x00007ffc56840000 - 0x00007ffc56865000 	C:\Users\T50363\Downloads\eclipse-jee-2022-12-R-win32-x86_64\eclipse\plugins\org.eclipse.justj.openjdk.hotspot.jre.full.win32.x86_64_17.0.5.v20221102-0933\jre\bin\java.dll
0x00007ffc567b0000 - 0x00007ffc567c8000 	C:\Users\T50363\Downloads\eclipse-jee-2022-12-R-win32-x86_64\eclipse\plugins\org.eclipse.justj.openjdk.hotspot.jre.full.win32.x86_64_17.0.5.v20221102-0933\jre\bin\zip.dll
0x00007ffc6cb70000 - 0x00007ffc6d2b4000 	C:\Windows\System32\SHELL32.dll
0x00007ffc6a050000 - 0x00007ffc6a7e3000 	C:\Windows\SYSTEM32\windows.storage.dll
0x00007ffc6d8e0000 - 0x00007ffc6dc34000 	C:\Windows\System32\combase.dll
0x00007ffc6b980000 - 0x00007ffc6b9ae000 	C:\Windows\SYSTEM32\Wldp.dll
0x00007ffc6e650000 - 0x00007ffc6e6fd000 	C:\Windows\System32\SHCORE.dll
0x00007ffc6d460000 - 0x00007ffc6d4b5000 	C:\Windows\System32\shlwapi.dll
0x00007ffc6bf40000 - 0x00007ffc6bf5f000 	C:\Windows\SYSTEM32\profapi.dll
0x00007ffc60290000 - 0x00007ffc6029c000 	C:\Users\T50363\Downloads\eclipse-jee-2022-12-R-win32-x86_64\eclipse\plugins\org.eclipse.justj.openjdk.hotspot.jre.full.win32.x86_64_17.0.5.v20221102-0933\jre\bin\dt_socket.dll
0x00007ffc6b3d0000 - 0x00007ffc6b40c000 	C:\Windows\SYSTEM32\IPHLPAPI.DLL
0x00007ffc6b6e0000 - 0x00007ffc6b74a000 	C:\Windows\system32\mswsock.dll
0x00007ffc6b410000 - 0x00007ffc6b4db000 	C:\Windows\SYSTEM32\DNSAPI.dll
0x00007ffc6d7a0000 - 0x00007ffc6d7a8000 	C:\Windows\System32\NSI.dll
0x00007ffc662c0000 - 0x00007ffc662ca000 	C:\Windows\System32\rasadhlp.dll
0x00007ffc671b0000 - 0x00007ffc67232000 	C:\Windows\System32\fwpuclnt.dll
0x00007ffc6c4f0000 - 0x00007ffc6c517000 	C:\Windows\System32\bcrypt.dll
0x00007ffc565b0000 - 0x00007ffc565c9000 	C:\Users\T50363\Downloads\eclipse-jee-2022-12-R-win32-x86_64\eclipse\plugins\org.eclipse.justj.openjdk.hotspot.jre.full.win32.x86_64_17.0.5.v20221102-0933\jre\bin\net.dll
0x00007ffc65e50000 - 0x00007ffc65f5a000 	C:\Windows\SYSTEM32\WINHTTP.dll
0x00007ffc56590000 - 0x00007ffc565a5000 	C:\Users\T50363\Downloads\eclipse-jee-2022-12-R-win32-x86_64\eclipse\plugins\org.eclipse.justj.openjdk.hotspot.jre.full.win32.x86_64_17.0.5.v20221102-0933\jre\bin\nio.dll
0x00007ffc56830000 - 0x00007ffc56840000 	C:\Users\T50363\Downloads\eclipse-jee-2022-12-R-win32-x86_64\eclipse\plugins\org.eclipse.justj.openjdk.hotspot.jre.full.win32.x86_64_17.0.5.v20221102-0933\jre\bin\verify.dll
0x00007ffc55770000 - 0x00007ffc55779000 	C:\Users\T50363\Downloads\eclipse-jee-2022-12-R-win32-x86_64\eclipse\plugins\org.eclipse.justj.openjdk.hotspot.jre.full.win32.x86_64_17.0.5.v20221102-0933\jre\bin\management.dll
0x00007ffc55740000 - 0x00007ffc5574b000 	C:\Users\T50363\Downloads\eclipse-jee-2022-12-R-win32-x86_64\eclipse\plugins\org.eclipse.justj.openjdk.hotspot.jre.full.win32.x86_64_17.0.5.v20221102-0933\jre\bin\management_ext.dll
0x00007ffc6dd40000 - 0x00007ffc6dd48000 	C:\Windows\System32\PSAPI.DLL
0x00007ffc5a510000 - 0x00007ffc5a527000 	C:\Windows\system32\napinsp.dll
0x00007ffc5a560000 - 0x00007ffc5a57b000 	C:\Windows\system32\pnrpnsp.dll
0x00007ffc5bb30000 - 0x00007ffc5bb45000 	C:\Windows\system32\wshbth.dll
0x00007ffc680f0000 - 0x00007ffc6810d000 	C:\Windows\system32\NLAapi.dll
0x00007ffc5c530000 - 0x00007ffc5c542000 	C:\Windows\System32\winrnr.dll
0x00007ffc6b8d0000 - 0x00007ffc6b8e8000 	C:\Windows\SYSTEM32\CRYPTSP.dll
0x00007ffc6b000000 - 0x00007ffc6b034000 	C:\Windows\system32\rsaenh.dll
0x00007ffc6bec0000 - 0x00007ffc6beee000 	C:\Windows\SYSTEM32\USERENV.dll
0x00007ffc6b8f0000 - 0x00007ffc6b8fc000 	C:\Windows\SYSTEM32\CRYPTBASE.dll
0x00007ffc670f0000 - 0x00007ffc67107000 	C:\Windows\SYSTEM32\dhcpcsvc6.DLL
0x00007ffc66d90000 - 0x00007ffc66dad000 	C:\Windows\SYSTEM32\dhcpcsvc.DLL

dbghelp: loaded successfully - version: 4.0.5 - missing functions: none
symbol engine: initialized successfully - sym options: 0x614 - pdb path: .;C:\Users\T50363\Downloads\eclipse-jee-2022-12-R-win32-x86_64\eclipse\plugins\org.eclipse.justj.openjdk.hotspot.jre.full.win32.x86_64_17.0.5.v20221102-0933\jre\bin;C:\Windows\SYSTEM32;C:\Windows\WinSxS\amd64_microsoft.windows.common-controls_6595b64144ccf1df_6.0.19041.1110_none_60b5254171f9507e;C:\Users\T50363\Downloads\eclipse-jee-2022-12-R-win32-x86_64\eclipse\plugins\org.eclipse.justj.openjdk.hotspot.jre.full.win32.x86_64_17.0.5.v20221102-0933\jre\bin\server

VM Arguments:
jvm_args: -XX:+ShowCodeDetailsInExceptionMessages -agentlib:jdwp=transport=dt_socket,suspend=y,address=localhost:49845 -javaagent:C:\Users\T50363\Downloads\eclipse-jee-2022-12-R-win32-x86_64\eclipse\configuration\org.eclipse.osgi\420\0\.cp\lib\javaagent-shaded.jar -Dfile.encoding=UTF-8 
java_command: com.intelizign.pl.IntelizignplApplication
java_class_path (initial): C:\Users\T50363\OneDrive - IZ\intelizignpl\intelizignpl\target\classes;C:\Users\T50363\.m2\repository\org\springframework\boot\spring-boot-starter-data-jpa\2.5.5\spring-boot-starter-data-jpa-2.5.5.jar;C:\Users\T50363\.m2\repository\org\springframework\boot\spring-boot-starter-aop\2.5.5\spring-boot-starter-aop-2.5.5.jar;C:\Users\T50363\.m2\repository\org\aspectj\aspectjweaver\1.9.7\aspectjweaver-1.9.7.jar;C:\Users\T50363\.m2\repository\org\springframework\boot\spring-boot-starter-jdbc\2.5.5\spring-boot-starter-jdbc-2.5.5.jar;C:\Users\T50363\.m2\repository\com\zaxxer\HikariCP\4.0.3\HikariCP-4.0.3.jar;C:\Users\T50363\.m2\repository\org\springframework\spring-jdbc\5.3.10\spring-jdbc-5.3.10.jar;C:\Users\T50363\.m2\repository\jakarta\transaction\jakarta.transaction-api\1.3.3\jakarta.transaction-api-1.3.3.jar;C:\Users\T50363\.m2\repository\jakarta\persistence\jakarta.persistence-api\2.2.3\jakarta.persistence-api-2.2.3.jar;C:\Users\T50363\.m2\repository\org\hibernate\hibernate-core\5.4.32.Final\hibernate-core-5.4.32.Final.jar;C:\Users\T50363\.m2\repository\org\jboss\logging\jboss-logging\3.4.2.Final\jboss-logging-3.4.2.Final.jar;C:\Users\T50363\.m2\repository\org\javassist\javassist\3.27.0-GA\javassist-3.27.0-GA.jar;C:\Users\T50363\.m2\repository\net\bytebuddy\byte-buddy\1.10.22\byte-buddy-1.10.22.jar;C:\Users\T50363\.m2\repository\antlr\antlr\2.7.7\antlr-2.7.7.jar;C:\Users\T50363\.m2\repository\org\jboss\jandex\2.2.3.Final\jandex-2.2.3.Final.jar;C:\Users\T50363\.m2\repository\com\fasterxml\classmate\1.5.1\classmate-1.5.1.jar;C:\Users\T50363\.m2\repository\org\dom4j\dom4j\2.1.3\dom4j-2.1.3.jar;C:\Users\T50363\.m2\repository\org\hibernate\common\hibernate-commons-annotations\5.1.2.Final\hibernate-commons-annotations-5.1.2.Final.jar;C:\Users\T50363\.m2\repository\org\glassfish\jaxb\jaxb-runtime\2.3.5\jaxb-runtime-2.3.5.jar;C:\Users\T50363\.m2\repository\org\glassfish\jaxb\txw2\2.3.5\txw2-2.3.5.jar;C:\Users\T50363\.m2\repository\com\sun\istack\ista
Launcher Type: SUN_STANDARD

[Global flags]
     intx CICompilerCount                          = 3                                         {product} {ergonomic}
     uint ConcGCThreads                            = 1                                         {product} {ergonomic}
     uint G1ConcRefinementThreads                  = 4                                         {product} {ergonomic}
   size_t G1HeapRegionSize                         = 2097152                                   {product} {ergonomic}
    uintx GCDrainStackTargetSize                   = 64                                        {product} {ergonomic}
   size_t InitialHeapSize                          = 266338304                                 {product} {ergonomic}
   size_t MarkStackSize                            = 4194304                                   {product} {ergonomic}
   size_t MaxHeapSize                              = 4261412864                                {product} {ergonomic}
   size_t MaxNewSize                               = 2556428288                                {product} {ergonomic}
   size_t MinHeapDeltaBytes                        = 2097152                                   {product} {ergonomic}
   size_t MinHeapSize                              = 8388608                                   {product} {ergonomic}
    uintx NonNMethodCodeHeapSize                   = 5832780                                {pd product} {ergonomic}
    uintx NonProfiledCodeHeapSize                  = 122912730                              {pd product} {ergonomic}
    uintx ProfiledCodeHeapSize                     = 122912730                              {pd product} {ergonomic}
    uintx ReservedCodeCacheSize                    = 251658240                              {pd product} {ergonomic}
     bool SegmentedCodeCache                       = true                                      {product} {ergonomic}
     bool ShowCodeDetailsInExceptionMessages       = true                                   {manageable} {command line}
   size_t SoftMaxHeapSize                          = 4261412864                             {manageable} {ergonomic}
     bool UseCompressedClassPointers               = true                           {product lp64_product} {ergonomic}
     bool UseCompressedOops                        = true                           {product lp64_product} {ergonomic}
     bool UseG1GC                                  = true                                      {product} {ergonomic}
     bool UseLargePagesIndividualAllocation        = false                                  {pd product} {ergonomic}

Logging:
Log output configuration:
 #0: stdout all=warning uptime,level,tags
 #1: stderr all=off uptime,level,tags

Environment Variables:
JAVA_HOME=C:\Program Files\Eclipse Foundation\jdk-11.0.12.7-hotspot\
PATH=C:\Users\T50363\Downloads\eclipse-jee-2022-12-R-win32-x86_64\eclipse\plugins\org.eclipse.justj.openjdk.hotspot.jre.full.win32.x86_64_17.0.5.v20221102-0933\jre\bin;C:/Users/T50363/Downloads/eclipse-jee-2022-12-R-win32-x86_64/eclipse//plugins/org.eclipse.justj.openjdk.hotspot.jre.full.win32.x86_64_17.0.5.v20221102-0933/jre/bin/server;C:/Users/T50363/Downloads/eclipse-jee-2022-12-R-win32-x86_64/eclipse//plugins/org.eclipse.justj.openjdk.hotspot.jre.full.win32.x86_64_17.0.5.v20221102-0933/jre/bin;D:\Apps\Downloads\WINDOWS.X64_193000_db_home\bin;C:\Program Files\Eclipse Foundation\jre-11.0.12.7-hotspot\bin;C:\Program Files\Eclipse Foundation\jdk-11.0.12.7-hotspot\bin;C:\Windows\system32;C:\Windows;C:\Windows\System32\Wbem;C:\Windows\System32\WindowsPowerShell\v1.0\;C:\Windows\System32\OpenSSH\;C:\Program Files\dotnet\;C:\Users\T50363\AppData\Local\Microsoft\WindowsApps;;C:\Users\T50363\AppData\Local\Programs\Microsoft VS Code\bin;C:\Users\T50363\Downloads\eclipse-jee-2022-12-R-win32-x86_64\eclipse;
USERNAME=T50363
OS=Windows_NT
PROCESSOR_IDENTIFIER=Intel64 Family 6 Model 94 Stepping 3, GenuineIntel
TMP=C:\Users\T50363\AppData\Local\Temp
TEMP=C:\Users\T50363\AppData\Local\Temp



---------------  S Y S T E M  ---------------

OS:
 Windows 10 , 64 bit Build 19041 (10.0.19041.2913)
OS uptime: 2 days 6:51 hours

CPU: total 4 (initial active 4) (4 cores per cpu, 1 threads per core) family 6 model 94 stepping 3 microcode 0xcc, cx8, cmov, fxsr, mmx, 3dnowpref, sse, sse2, sse3, ssse3, sse4.1, sse4.2, popcnt, lzcnt, tsc, tscinvbit, avx, avx2, aes, erms, clmul, bmi1, bmi2, rtm, adx, fma, vzeroupper, clflush, clflushopt

Memory: 4k page, system-wide physical 16248M (7190M free)
TotalPageFile size 22392M (AvailPageFile size 10828M)
current process WorkingSet (physical memory assigned to process): 292M, peak: 296M
current process commit charge ("private bytes"): 313M, peak: 374M

vm_info: OpenJDK 64-Bit Server VM (17.0.5+8) for windows-amd64 JRE (17.0.5+8), built on Oct 19 2022 04:48:13 by "temurin" with MS VC++ 16.7 (VS2019)

END.
